[2025-08-12T21:12:36.682Z] listener_start url=redis://127.0.0.1:6379 streams=agents:pair:team03 group=supervision consumer=sup-vmxww7irhme
[2025-08-12T21:12:36.686Z] group_created stream=agents:pair:team03 group=supervision
[2025-08-12T21:12:46.753Z] idle
[2025-08-12T21:12:56.717Z] idle
[2025-08-12T21:13:06.860Z] idle
[2025-08-12T21:13:16.949Z] idle
[2025-08-12T21:13:26.916Z] idle
[2025-08-12T21:13:37.058Z] idle
[2025-08-12T21:13:47.139Z] idle
[2025-08-12T21:13:57.095Z] idle
[2025-08-12T21:14:07.240Z] idle
[2025-08-12T21:14:17.318Z] idle
[2025-08-12T21:14:27.298Z] idle
[2025-08-12T21:14:37.440Z] idle
[2025-08-12T21:14:47.512Z] idle
[2025-08-12T21:14:57.485Z] idle
[2025-08-12T21:15:07.638Z] idle
[2025-08-12T21:15:17.699Z] idle
[2025-08-12T21:15:27.679Z] idle
[2025-08-12T21:15:37.829Z] idle
[2025-08-12T21:15:47.919Z] idle
[2025-08-12T21:15:57.876Z] idle
{"ts":"2025-08-12T21:16:01.111Z","stream":"agents:pair:team03","id":"1755033361181-0","message":{"from_agent":"orchestrator","team":"orange","role":"impl","topic":"HEARTBEAT","event":"HEARTBEAT","status":"PING","severity":"INFO","timestamp":"2025-08-12T21:16:01.105Z","correlation_id":"3fc624da-3c3a-49ba-91cd-225661c89159","task_id":"ops","tm_ids":"[\"ops\"]","details":"multi-stream heartbeat"}}
[2025-08-12T21:16:11.280Z] idle
[2025-08-12T21:16:21.176Z] idle
[2025-08-12T21:16:31.223Z] idle
[2025-08-12T21:16:41.403Z] idle
[2025-08-12T21:16:51.380Z] idle
[2025-08-12T21:17:01.422Z] idle
[2025-08-12T21:17:11.595Z] idle
[2025-08-12T21:17:21.573Z] idle
[2025-08-12T21:17:31.626Z] idle
[2025-08-12T21:17:41.799Z] idle
[2025-08-12T21:17:51.767Z] idle
[2025-08-12T21:18:01.818Z] idle
[2025-08-12T21:18:12.018Z] idle
[2025-08-12T21:18:21.873Z] idle
[2025-08-12T21:18:31.924Z] idle
[2025-08-12T21:18:42.092Z] idle
[2025-08-12T21:18:52.078Z] idle
[2025-08-12T21:19:02.115Z] idle
[2025-08-12T21:19:12.275Z] idle
[2025-08-12T21:19:22.259Z] idle
[2025-08-12T21:19:32.304Z] idle
[2025-08-12T21:19:42.489Z] idle
[2025-08-12T21:19:52.366Z] idle
[2025-08-12T21:20:02.418Z] idle
[2025-08-12T21:20:12.593Z] idle
[2025-08-12T21:20:22.472Z] idle
[2025-08-12T21:20:32.530Z] idle
[2025-08-12T21:20:42.707Z] idle
[2025-08-12T21:20:52.586Z] idle
{"ts":"2025-08-12T21:20:55.410Z","stream":"agents:pair:team03","id":"1755033655489-0","message":{"from_agent":"orchestrator","team":"orange","role":"impl","topic":"HEARTBEAT","event":"TASK_START","status":"IN_PROGRESS","severity":"INFO","timestamp":"2025-08-12T21:20:55.406Z","correlation_id":"9a54d3b7-cd18-45b3-9bd8-b848442597a6","task_id":"T3","tm_ids":"[\"ops\"]","details":"multi-stream heartbeat"}}
[2025-08-12T21:21:05.487Z] idle
[2025-08-12T21:21:15.668Z] idle
[2025-08-12T21:21:25.483Z] idle
[2025-08-12T21:21:35.587Z] idle
[2025-08-12T21:21:45.786Z] idle
[2025-08-12T21:21:55.604Z] idle
[2025-08-12T21:22:05.691Z] idle
[2025-08-12T21:22:15.879Z] idle
[2025-08-12T21:22:25.709Z] idle
[2025-08-12T21:22:35.802Z] idle
[2025-08-12T21:22:45.988Z] idle
[2025-08-12T21:22:55.820Z] idle
[2025-08-12T21:23:05.936Z] idle
[2025-08-12T21:23:16.117Z] idle
[2025-08-12T21:23:25.946Z] idle
[2025-08-12T21:23:36.043Z] idle
[2025-08-12T21:23:46.231Z] idle
[2025-08-12T21:23:56.061Z] idle
[2025-08-12T21:24:06.160Z] idle
[2025-08-12T21:24:16.346Z] idle
[2025-08-12T21:24:26.170Z] idle
[2025-08-12T21:24:36.272Z] idle
[2025-08-12T21:24:46.459Z] idle
[2025-08-12T21:24:56.302Z] idle
[2025-08-12T21:25:06.396Z] idle
[2025-08-12T21:25:16.573Z] idle
[2025-08-12T21:25:26.417Z] idle
[2025-08-12T21:25:36.519Z] idle
[2025-08-12T21:25:46.706Z] idle
[2025-08-12T21:25:56.539Z] idle
[2025-08-12T21:26:06.627Z] idle
[2025-08-12T21:26:16.809Z] idle
[2025-08-12T21:26:26.656Z] idle
[2025-08-12T21:26:36.760Z] idle
[2025-08-12T21:26:46.950Z] idle
[2025-08-12T21:26:56.799Z] idle
[2025-08-12T21:27:06.908Z] idle
[2025-08-12T21:27:17.088Z] idle
[2025-08-12T21:27:26.951Z] idle
[2025-08-12T21:27:37.049Z] idle
[2025-08-12T21:27:47.231Z] idle
[2025-08-12T21:27:57.096Z] idle
[2025-08-12T21:28:07.197Z] idle
[2025-08-12T21:28:17.379Z] idle
[2025-08-12T21:28:27.231Z] idle
[2025-08-12T21:28:37.328Z] idle
[2025-08-12T21:28:47.515Z] idle
[2025-08-12T21:28:57.360Z] idle
{"ts":"2025-08-12T21:29:02.447Z","stream":"agents:pair:team03","id":"1755034142499-0","message":{"from_agent":"orchestrator","team":"team03","role":"orchestrator","to":"auditor_team03","topic":"STATUS_UPDATE","event":"ORCH_ACK","status":"ACK","timestamp":"2025-08-12T21:29:02.438Z","correlation_id":"orch-ack-da64i99e","task_id":"tm-03","tm_ids":"[\"tm-03\"]","pair_id":"team03","details":"Accus├® de r├®ception: messages re├ºus via Redis (pair + global)"}}
[2025-08-12T21:29:12.645Z] idle
